[debug] [2025-03-15T12:04:19.073Z] ----------------------------------------------------------------------
[debug] [2025-03-15T12:04:19.075Z] Command:       C:\Program Files\nodejs\node.exe C:\Users\User\AppData\Roaming\npm\node_modules\firebase-tools\lib\bin\firebase.js init
[debug] [2025-03-15T12:04:19.076Z] CLI Version:   13.34.0
[debug] [2025-03-15T12:04:19.076Z] Platform:      win32
[debug] [2025-03-15T12:04:19.076Z] Node Version:  v22.13.0
[debug] [2025-03-15T12:04:19.076Z] Time:          Sat Mar 15 2025 09:04:19 GMT-0300 (Horário Padrão de Brasília)
[debug] [2025-03-15T12:04:19.076Z] ----------------------------------------------------------------------
[debug] 
[debug] [2025-03-15T12:04:19.220Z] > command requires scopes: ["email","openid","https://www.googleapis.com/auth/cloudplatformprojects.readonly","https://www.googleapis.com/auth/firebase","https://www.googleapis.com/auth/cloud-platform"]
[debug] [2025-03-15T12:04:19.221Z] > authorizing via signed-in user (odilon123c@gmail.com)
[info] 
     ######## #### ########  ######## ########     ###     ######  ########
     ##        ##  ##     ## ##       ##     ##  ##   ##  ##       ##
     ######    ##  ########  ######   ########  #########  ######  ######
     ##        ##  ##    ##  ##       ##     ## ##     ##       ## ##
     ##       #### ##     ## ######## ########  ##     ##  ######  ########

You're about to initialize a Firebase project in this directory:

  C:\Users\User\Desktop\angular firebas\projeto-angular

Before we get started, keep in mind:

  * You are initializing within an existing Firebase project directory

[info] 
=== Project Setup
[info] 
[info] First, let's associate this project directory with a Firebase project.
[info] You can create multiple project aliases by running firebase use --add, 
[info] but for now we'll just set up a default project.
[info] 
[debug] [2025-03-15T12:04:24.063Z] Using project from CLI flag: ww
[debug] [2025-03-15T12:04:24.063Z] Checked if tokens are valid: false, expires at: 1741975496357
[debug] [2025-03-15T12:04:24.063Z] Checked if tokens are valid: false, expires at: 1741975496357
[debug] [2025-03-15T12:04:24.064Z] > refreshing access token with scopes: []
[debug] [2025-03-15T12:04:24.065Z] >>> [apiv2][query] POST https://www.googleapis.com/oauth2/v3/token [none]
[debug] [2025-03-15T12:04:24.065Z] >>> [apiv2][body] POST https://www.googleapis.com/oauth2/v3/token [omitted]
[debug] [2025-03-15T12:04:24.421Z] <<< [apiv2][status] POST https://www.googleapis.com/oauth2/v3/token 200
[debug] [2025-03-15T12:04:24.421Z] <<< [apiv2][body] POST https://www.googleapis.com/oauth2/v3/token [omitted]
[debug] [2025-03-15T12:04:24.426Z] >>> [apiv2][query] GET https://firebase.googleapis.com/v1beta1/projects/ww [none]
[debug] [2025-03-15T12:04:25.004Z] <<< [apiv2][status] GET https://firebase.googleapis.com/v1beta1/projects/ww 403
[debug] [2025-03-15T12:04:25.004Z] <<< [apiv2][body] GET https://firebase.googleapis.com/v1beta1/projects/ww {"error":{"code":403,"message":"The caller does not have permission","status":"PERMISSION_DENIED"}}
[debug] [2025-03-15T12:04:25.005Z] Request to https://firebase.googleapis.com/v1beta1/projects/ww had HTTP Error: 403, The caller does not have permission
[debug] [2025-03-15T12:04:25.172Z] FirebaseError: Request to https://firebase.googleapis.com/v1beta1/projects/ww had HTTP Error: 403, The caller does not have permission
    at responseToError (C:\Users\User\AppData\Roaming\npm\node_modules\firebase-tools\lib\responseToError.js:52:12)
    at RetryOperation._fn (C:\Users\User\AppData\Roaming\npm\node_modules\firebase-tools\lib\apiv2.js:312:77)
    at process.processTicksAndRejections (node:internal/process/task_queues:105:5)
[error] 
[error] Error: Failed to get Firebase project ww. Please make sure the project exists and your account has permission to access it.
